<?xml version="1.0" encoding="UTF-8"?>
<testsuite name="br.com.actionlabs.carboncalc.CarbonCalculatorApplicationTests" tests="1" skipped="0" failures="0" errors="0" timestamp="2024-11-04T12:18:49" hostname="ABRCWBLAPDTI29" time="0.811">
  <properties/>
  <testcase name="contextLoads()" classname="br.com.actionlabs.carboncalc.CarbonCalculatorApplicationTests" time="0.811"/>
  <system-out><![CDATA[09:18:46.679 [Test worker] INFO org.springframework.test.context.support.AnnotationConfigContextLoaderUtils -- Could not detect default configuration classes for test class [br.com.actionlabs.carboncalc.CarbonCalculatorApplicationTests]: CarbonCalculatorApplicationTests does not declare any static, non-private, non-final, nested classes annotated with @Configuration.
09:18:46.755 [Test worker] INFO org.springframework.boot.test.context.SpringBootTestContextBootstrapper -- Found @SpringBootConfiguration br.com.actionlabs.carboncalc.CarbonCalculatorApplication for test class br.com.actionlabs.carboncalc.CarbonCalculatorApplicationTests

  .   ____          _            __ _ _
 /\\ / ___'_ __ _ _(_)_ __  __ _ \ \ \ \
( ( )\___ | '_ | '_| | '_ \/ _` | \ \ \ \
 \\/  ___)| |_)| | | | | || (_| |  ) ) ) )
  '  |____| .__|_| |_|_| |_\__, | / / / /
 =========|_|==============|___/=/_/_/_/

 :: Spring Boot ::                (v3.3.4)

2024-11-04T09:18:47.025-03:00  INFO 13746 --- [al-carbon-calculator] [    Test worker] b.c.a.c.CarbonCalculatorApplicationTests : Starting CarbonCalculatorApplicationTests using Java 17.0.12 with PID 13746 (started by nteixeira in /home/nteixeira/action-labs/al-carbon-calc-server)
2024-11-04T09:18:47.026-03:00  INFO 13746 --- [al-carbon-calculator] [    Test worker] b.c.a.c.CarbonCalculatorApplicationTests : The following 1 profile is active: "development"
2024-11-04T09:18:47.554-03:00  INFO 13746 --- [al-carbon-calculator] [    Test worker] .s.d.r.c.RepositoryConfigurationDelegate : Bootstrapping Spring Data MongoDB repositories in DEFAULT mode.
2024-11-04T09:18:47.604-03:00  INFO 13746 --- [al-carbon-calculator] [    Test worker] .s.d.r.c.RepositoryConfigurationDelegate : Finished Spring Data repository scanning in 45 ms. Found 4 MongoDB repository interfaces.
2024-11-04T09:18:47.971-03:00  INFO 13746 --- [al-carbon-calculator] [    Test worker] org.mongodb.driver.client                : MongoClient with metadata {"driver": {"name": "mongo-java-driver|sync|spring-boot", "version": "5.0.1"}, "os": {"type": "Linux", "name": "Linux", "architecture": "amd64", "version": "5.15.153.1-microsoft-standard-WSL2"}, "platform": "Java/Ubuntu/17.0.12+7-Ubuntu-1ubuntu222.04"} created with settings MongoClientSettings{readPreference=primary, writeConcern=WriteConcern{w=null, wTimeout=null ms, journal=null}, retryWrites=true, retryReads=true, readConcern=ReadConcern{level=null}, credential=null, transportSettings=null, commandListeners=[], codecRegistry=ProvidersCodecRegistry{codecProviders=[ValueCodecProvider{}, BsonValueCodecProvider{}, DBRefCodecProvider{}, DBObjectCodecProvider{}, DocumentCodecProvider{}, CollectionCodecProvider{}, IterableCodecProvider{}, MapCodecProvider{}, GeoJsonCodecProvider{}, GridFSFileCodecProvider{}, Jsr310CodecProvider{}, JsonObjectCodecProvider{}, BsonCodecProvider{}, EnumCodecProvider{}, com.mongodb.client.model.mql.ExpressionCodecProvider@46f73ffa, com.mongodb.Jep395RecordCodecProvider@41aebbb4, com.mongodb.KotlinCodecProvider@afde064]}, loggerSettings=LoggerSettings{maxDocumentLength=1000}, clusterSettings={hosts=[localhost:27017], srvServiceName=mongodb, mode=SINGLE, requiredClusterType=UNKNOWN, requiredReplicaSetName='null', serverSelector='null', clusterListeners='[]', serverSelectionTimeout='30000 ms', localThreshold='15 ms'}, socketSettings=SocketSettings{connectTimeoutMS=10000, readTimeoutMS=0, receiveBufferSize=0, proxySettings=ProxySettings{host=null, port=null, username=null, password=null}}, heartbeatSocketSettings=SocketSettings{connectTimeoutMS=10000, readTimeoutMS=10000, receiveBufferSize=0, proxySettings=ProxySettings{host=null, port=null, username=null, password=null}}, connectionPoolSettings=ConnectionPoolSettings{maxSize=100, minSize=0, maxWaitTimeMS=120000, maxConnectionLifeTimeMS=0, maxConnectionIdleTimeMS=0, maintenanceInitialDelayMS=0, maintenanceFrequencyMS=60000, connectionPoolListeners=[], maxConnecting=2}, serverSettings=ServerSettings{heartbeatFrequencyMS=10000, minHeartbeatFrequencyMS=500, serverListeners='[]', serverMonitorListeners='[]'}, sslSettings=SslSettings{enabled=false, invalidHostNameAllowed=false, context=null}, applicationName='null', compressorList=[], uuidRepresentation=JAVA_LEGACY, serverApi=null, autoEncryptionSettings=null, dnsClient=null, inetAddressResolver=null, contextProvider=null}
2024-11-04T09:18:47.990-03:00  INFO 13746 --- [al-carbon-calculator] [localhost:27017] org.mongodb.driver.cluster               : Monitor thread successfully connected to server with description ServerDescription{address=localhost:27017, type=STANDALONE, state=CONNECTED, ok=true, minWireVersion=0, maxWireVersion=25, maxDocumentSize=16777216, logicalSessionTimeoutMinutes=30, roundTripTimeNanos=20821478}
2024-11-04T09:18:48.335-03:00  WARN 13746 --- [al-carbon-calculator] [    Test worker] .s.s.UserDetailsServiceAutoConfiguration : 

Using generated security password: 0a46905c-4124-403b-a2c4-cf2c0efd928e

This generated password is for development use only. Your security configuration must be updated before running your application in production.

2024-11-04T09:18:48.352-03:00  INFO 13746 --- [al-carbon-calculator] [    Test worker] r$InitializeUserDetailsManagerConfigurer : Global AuthenticationManager configured with UserDetailsService bean with name inMemoryUserDetailsManager
2024-11-04T09:18:49.002-03:00  INFO 13746 --- [al-carbon-calculator] [    Test worker] b.c.a.c.CarbonCalculatorApplicationTests : Started CarbonCalculatorApplicationTests in 2.137 seconds (process running for 2.867)
]]></system-out>
  <system-err><![CDATA[]]></system-err>
</testsuite>
