<?xml version="1.0" encoding="UTF-8"?>
<testsuite name="br.com.actionlabs.carboncalc.service.CarbonCalculatorServiceTest" tests="3" skipped="0" failures="3" errors="0" timestamp="2024-11-04T01:39:28" hostname="ABRCWBLAPDTI29" time="0.885">
  <properties/>
  <testcase name="testUpdateCalculationInfo()" classname="br.com.actionlabs.carboncalc.service.CarbonCalculatorServiceTest" time="0.86">
    <failure message="org.mockito.exceptions.misusing.InjectMocksException: &#10;Cannot instantiate @InjectMocks field named 'service' of type 'class br.com.actionlabs.carboncalc.service.CarbonCalculatorService'.&#10;You haven't provided the instance at field declaration so I tried to construct the instance.&#10;However the constructor or the initialization block threw an exception : Cannot invoke &quot;java.util.List.stream()&quot; because &quot;calculatorsList&quot; is null&#10;" type="org.mockito.exceptions.misusing.InjectMocksException">org.mockito.exceptions.misusing.InjectMocksException: 
Cannot instantiate @InjectMocks field named 'service' of type 'class br.com.actionlabs.carboncalc.service.CarbonCalculatorService'.
You haven't provided the instance at field declaration so I tried to construct the instance.
However the constructor or the initialization block threw an exception : Cannot invoke &quot;java.util.List.stream()&quot; because &quot;calculatorsList&quot; is null

	at app//br.com.actionlabs.carboncalc.service.CarbonCalculatorServiceTest.setUp(CarbonCalculatorServiceTest.java:46)
	at java.base@17.0.12/java.lang.reflect.Method.invoke(Method.java:569)
	at java.base@17.0.12/java.util.ArrayList.forEach(ArrayList.java:1511)
	at java.base@17.0.12/java.util.ArrayList.forEach(ArrayList.java:1511)
Caused by: java.lang.NullPointerException: Cannot invoke &quot;java.util.List.stream()&quot; because &quot;calculatorsList&quot; is null
	at br.com.actionlabs.carboncalc.service.CarbonCalculatorService.&lt;init&gt;(CarbonCalculatorService.java:30)
	at java.base/java.lang.invoke.MethodHandle.invokeWithArguments(MethodHandle.java:732)
	at org.mockito.internal.util.reflection.InstrumentationMemberAccessor$Dispatcher$ByteBuddy$U2zbTjwL.invokeWithArguments(Unknown Source)
	at org.mockito.internal.util.reflection.InstrumentationMemberAccessor.lambda$newInstance$0(InstrumentationMemberAccessor.java:199)
	at org.mockito.internal.util.reflection.InstrumentationMemberAccessor.newInstance(InstrumentationMemberAccessor.java:188)
	at org.mockito.internal.util.reflection.InstrumentationMemberAccessor.newInstance(InstrumentationMemberAccessor.java:161)
	at org.mockito.internal.util.reflection.ModuleMemberAccessor.newInstance(ModuleMemberAccessor.java:42)
	at org.mockito.internal.util.reflection.FieldInitializer$ParameterizedConstructorInstantiator.instantiate(FieldInitializer.java:291)
	at org.mockito.internal.util.reflection.FieldInitializer.acquireFieldInstance(FieldInitializer.java:146)
	at org.mockito.internal.util.reflection.FieldInitializer.initialize(FieldInitializer.java:91)
	at org.mockito.internal.configuration.injection.ConstructorInjection.processInjection(ConstructorInjection.java:48)
	at org.mockito.internal.configuration.injection.MockInjectionStrategy.process(MockInjectionStrategy.java:68)
	at org.mockito.internal.configuration.injection.MockInjectionStrategy.relayProcessToNextStrategy(MockInjectionStrategy.java:91)
	at org.mockito.internal.configuration.injection.MockInjectionStrategy.process(MockInjectionStrategy.java:71)
	at org.mockito.internal.configuration.injection.MockInjection$OngoingMockInjection.apply(MockInjection.java:88)
	at org.mockito.internal.configuration.DefaultInjectionEngine.injectMocksOnFields(DefaultInjectionEngine.java:26)
	at org.mockito.internal.configuration.InjectingAnnotationEngine.injectCloseableMocks(InjectingAnnotationEngine.java:107)
	at org.mockito.internal.configuration.InjectingAnnotationEngine.process(InjectingAnnotationEngine.java:48)
	at org.mockito.MockitoAnnotations.openMocks(MockitoAnnotations.java:81)
	... 4 more
</failure>
  </testcase>
  <testcase name="testStartCalculation()" classname="br.com.actionlabs.carboncalc.service.CarbonCalculatorServiceTest" time="0.008">
    <failure message="org.mockito.exceptions.misusing.InjectMocksException: &#10;Cannot instantiate @InjectMocks field named 'service' of type 'class br.com.actionlabs.carboncalc.service.CarbonCalculatorService'.&#10;You haven't provided the instance at field declaration so I tried to construct the instance.&#10;However the constructor or the initialization block threw an exception : Cannot invoke &quot;java.util.List.stream()&quot; because &quot;calculatorsList&quot; is null&#10;" type="org.mockito.exceptions.misusing.InjectMocksException">org.mockito.exceptions.misusing.InjectMocksException: 
Cannot instantiate @InjectMocks field named 'service' of type 'class br.com.actionlabs.carboncalc.service.CarbonCalculatorService'.
You haven't provided the instance at field declaration so I tried to construct the instance.
However the constructor or the initialization block threw an exception : Cannot invoke &quot;java.util.List.stream()&quot; because &quot;calculatorsList&quot; is null

	at app//br.com.actionlabs.carboncalc.service.CarbonCalculatorServiceTest.setUp(CarbonCalculatorServiceTest.java:46)
	at java.base@17.0.12/java.lang.reflect.Method.invoke(Method.java:569)
	at java.base@17.0.12/java.util.ArrayList.forEach(ArrayList.java:1511)
	at java.base@17.0.12/java.util.ArrayList.forEach(ArrayList.java:1511)
Caused by: java.lang.NullPointerException: Cannot invoke &quot;java.util.List.stream()&quot; because &quot;calculatorsList&quot; is null
	at br.com.actionlabs.carboncalc.service.CarbonCalculatorService.&lt;init&gt;(CarbonCalculatorService.java:30)
	at java.base/java.lang.invoke.MethodHandle.invokeWithArguments(MethodHandle.java:732)
	at org.mockito.internal.util.reflection.InstrumentationMemberAccessor$Dispatcher$ByteBuddy$U2zbTjwL.invokeWithArguments(Unknown Source)
	at org.mockito.internal.util.reflection.InstrumentationMemberAccessor.lambda$newInstance$0(InstrumentationMemberAccessor.java:199)
	at org.mockito.internal.util.reflection.InstrumentationMemberAccessor.newInstance(InstrumentationMemberAccessor.java:188)
	at org.mockito.internal.util.reflection.InstrumentationMemberAccessor.newInstance(InstrumentationMemberAccessor.java:161)
	at org.mockito.internal.util.reflection.ModuleMemberAccessor.newInstance(ModuleMemberAccessor.java:42)
	at org.mockito.internal.util.reflection.FieldInitializer$ParameterizedConstructorInstantiator.instantiate(FieldInitializer.java:291)
	at org.mockito.internal.util.reflection.FieldInitializer.acquireFieldInstance(FieldInitializer.java:146)
	at org.mockito.internal.util.reflection.FieldInitializer.initialize(FieldInitializer.java:91)
	at org.mockito.internal.configuration.injection.ConstructorInjection.processInjection(ConstructorInjection.java:48)
	at org.mockito.internal.configuration.injection.MockInjectionStrategy.process(MockInjectionStrategy.java:68)
	at org.mockito.internal.configuration.injection.MockInjectionStrategy.relayProcessToNextStrategy(MockInjectionStrategy.java:91)
	at org.mockito.internal.configuration.injection.MockInjectionStrategy.process(MockInjectionStrategy.java:71)
	at org.mockito.internal.configuration.injection.MockInjection$OngoingMockInjection.apply(MockInjection.java:88)
	at org.mockito.internal.configuration.DefaultInjectionEngine.injectMocksOnFields(DefaultInjectionEngine.java:26)
	at org.mockito.internal.configuration.InjectingAnnotationEngine.injectCloseableMocks(InjectingAnnotationEngine.java:107)
	at org.mockito.internal.configuration.InjectingAnnotationEngine.process(InjectingAnnotationEngine.java:48)
	at org.mockito.MockitoAnnotations.openMocks(MockitoAnnotations.java:81)
	... 4 more
</failure>
  </testcase>
  <testcase name="testGetResult()" classname="br.com.actionlabs.carboncalc.service.CarbonCalculatorServiceTest" time="0.007">
    <failure message="org.mockito.exceptions.misusing.InjectMocksException: &#10;Cannot instantiate @InjectMocks field named 'service' of type 'class br.com.actionlabs.carboncalc.service.CarbonCalculatorService'.&#10;You haven't provided the instance at field declaration so I tried to construct the instance.&#10;However the constructor or the initialization block threw an exception : Cannot invoke &quot;java.util.List.stream()&quot; because &quot;calculatorsList&quot; is null&#10;" type="org.mockito.exceptions.misusing.InjectMocksException">org.mockito.exceptions.misusing.InjectMocksException: 
Cannot instantiate @InjectMocks field named 'service' of type 'class br.com.actionlabs.carboncalc.service.CarbonCalculatorService'.
You haven't provided the instance at field declaration so I tried to construct the instance.
However the constructor or the initialization block threw an exception : Cannot invoke &quot;java.util.List.stream()&quot; because &quot;calculatorsList&quot; is null

	at app//br.com.actionlabs.carboncalc.service.CarbonCalculatorServiceTest.setUp(CarbonCalculatorServiceTest.java:46)
	at java.base@17.0.12/java.lang.reflect.Method.invoke(Method.java:569)
	at java.base@17.0.12/java.util.ArrayList.forEach(ArrayList.java:1511)
	at java.base@17.0.12/java.util.ArrayList.forEach(ArrayList.java:1511)
Caused by: java.lang.NullPointerException: Cannot invoke &quot;java.util.List.stream()&quot; because &quot;calculatorsList&quot; is null
	at br.com.actionlabs.carboncalc.service.CarbonCalculatorService.&lt;init&gt;(CarbonCalculatorService.java:30)
	at java.base/java.lang.invoke.MethodHandle.invokeWithArguments(MethodHandle.java:732)
	at org.mockito.internal.util.reflection.InstrumentationMemberAccessor$Dispatcher$ByteBuddy$U2zbTjwL.invokeWithArguments(Unknown Source)
	at org.mockito.internal.util.reflection.InstrumentationMemberAccessor.lambda$newInstance$0(InstrumentationMemberAccessor.java:199)
	at org.mockito.internal.util.reflection.InstrumentationMemberAccessor.newInstance(InstrumentationMemberAccessor.java:188)
	at org.mockito.internal.util.reflection.InstrumentationMemberAccessor.newInstance(InstrumentationMemberAccessor.java:161)
	at org.mockito.internal.util.reflection.ModuleMemberAccessor.newInstance(ModuleMemberAccessor.java:42)
	at org.mockito.internal.util.reflection.FieldInitializer$ParameterizedConstructorInstantiator.instantiate(FieldInitializer.java:291)
	at org.mockito.internal.util.reflection.FieldInitializer.acquireFieldInstance(FieldInitializer.java:146)
	at org.mockito.internal.util.reflection.FieldInitializer.initialize(FieldInitializer.java:91)
	at org.mockito.internal.configuration.injection.ConstructorInjection.processInjection(ConstructorInjection.java:48)
	at org.mockito.internal.configuration.injection.MockInjectionStrategy.process(MockInjectionStrategy.java:68)
	at org.mockito.internal.configuration.injection.MockInjectionStrategy.relayProcessToNextStrategy(MockInjectionStrategy.java:91)
	at org.mockito.internal.configuration.injection.MockInjectionStrategy.process(MockInjectionStrategy.java:71)
	at org.mockito.internal.configuration.injection.MockInjection$OngoingMockInjection.apply(MockInjection.java:88)
	at org.mockito.internal.configuration.DefaultInjectionEngine.injectMocksOnFields(DefaultInjectionEngine.java:26)
	at org.mockito.internal.configuration.InjectingAnnotationEngine.injectCloseableMocks(InjectingAnnotationEngine.java:107)
	at org.mockito.internal.configuration.InjectingAnnotationEngine.process(InjectingAnnotationEngine.java:48)
	at org.mockito.MockitoAnnotations.openMocks(MockitoAnnotations.java:81)
	... 4 more
</failure>
  </testcase>
  <system-out><![CDATA[]]></system-out>
  <system-err><![CDATA[]]></system-err>
</testsuite>
